<?xml version="1.0" encoding="UTF-8"?>
<!-- Generated by org.testng.reporters.JUnitXMLReporter -->
<testsuite hostname="DESKTOP-QV0IQQL" ignored="0" name="Default test" tests="3" failures="0" timestamp="2020-05-21T16:17:12 PDT" time="0.144" errors="0">
  <testcase name="@BeforeTest setUp" time="-1.590103032519E9" classname="testNgBasics.BaseTest">
    <failure type="org.testng.TestNGException" message="
Parameter &amp;apos;url&amp;apos; is required by BeforeTest on method setUp but has not been marked @Optional or defined
in C:\Users\Giya Krish\AppData\Local\Temp\testng-eclipse--1372198880\testng-customsuite.xml">
      <![CDATA[org.testng.TestNGException: 
Parameter 'url' is required by BeforeTest on method setUp but has not been marked @Optional or defined
in C:\Users\Giya Krish\AppData\Local\Temp\testng-eclipse--1372198880\testng-customsuite.xml
at org.testng.internal.Parameters.createParams(Parameters.java:268)
at org.testng.internal.Parameters.createParametersForMethod(Parameters.java:356)
at org.testng.internal.Parameters.createParameters(Parameters.java:700)
at org.testng.internal.Parameters.createConfigurationParameters(Parameters.java:166)
at org.testng.internal.ConfigInvoker.invokeConfigurations(ConfigInvoker.java:299)
at org.testng.TestRunner.invokeTestConfigurations(TestRunner.java:620)
at org.testng.TestRunner.beforeRun(TestRunner.java:610)
at org.testng.TestRunner.run(TestRunner.java:581)
at org.testng.SuiteRunner.runTest(SuiteRunner.java:384)
at org.testng.SuiteRunner.runSequentially(SuiteRunner.java:378)
at org.testng.SuiteRunner.privateRun(SuiteRunner.java:337)
at org.testng.SuiteRunner.run(SuiteRunner.java:286)
at org.testng.SuiteRunnerWorker.runSuite(SuiteRunnerWorker.java:53)
at org.testng.SuiteRunnerWorker.run(SuiteRunnerWorker.java:96)
at org.testng.TestNG.runSuitesSequentially(TestNG.java:1214)
at org.testng.TestNG.runSuitesLocally(TestNG.java:1136)
at org.testng.TestNG.runSuites(TestNG.java:1066)
at org.testng.TestNG.run(TestNG.java:1034)
at org.testng.remote.AbstractRemoteTestNG.run(AbstractRemoteTestNG.java:115)
at org.testng.remote.RemoteTestNG.initAndRun(RemoteTestNG.java:251)
at org.testng.remote.RemoteTestNG.main(RemoteTestNG.java:77)
]]>
    </failure>
  </testcase> <!-- @BeforeTest setUp -->
  <testcase name="@BeforeMethod beforeMethod" time="-1.590103032608E9" classname="testNgBasics.annotationEx">
    <skipped/>
  </testcase> <!-- @BeforeMethod beforeMethod -->
  <testcase name="@AfterMethod afterMethod" time="-1.590103032621E9" classname="testNgBasics.annotationEx">
    <skipped/>
  </testcase> <!-- @AfterMethod afterMethod -->
  <testcase name="@BeforeMethod beforeMethod" time="-1.590103032627E9" classname="testNgBasics.annotationEx">
    <skipped/>
  </testcase> <!-- @BeforeMethod beforeMethod -->
  <testcase name="@AfterMethod afterMethod" time="-1.590103032634E9" classname="testNgBasics.annotationEx">
    <skipped/>
  </testcase> <!-- @AfterMethod afterMethod -->
  <testcase name="@BeforeMethod beforeMethod" time="-1.590103032639E9" classname="testNgBasics.annotationEx">
    <skipped/>
  </testcase> <!-- @BeforeMethod beforeMethod -->
  <testcase name="@AfterMethod afterMethod" time="-1.590103032646E9" classname="testNgBasics.annotationEx">
    <skipped/>
  </testcase> <!-- @AfterMethod afterMethod -->
  <testcase name="@AfterTest afterTest" time="-1.590103032649E9" classname="testNgBasics.BaseTest">
    <skipped/>
  </testcase> <!-- @AfterTest afterTest -->
  <testcase name="checkLinkDisplayedTest" time="0.0" classname="testNgBasics.annotationEx">
    <skipped/>
  </testcase> <!-- checkLinkDisplayedTest -->
  <testcase name="productAvailTest" time="0.0" classname="testNgBasics.annotationEx">
    <skipped/>
  </testcase> <!-- productAvailTest -->
  <testcase name="getTitleTest" time="0.0" classname="testNgBasics.annotationEx">
    <skipped/>
  </testcase> <!-- getTitleTest -->
</testsuite> <!-- Default test -->
